<?xml version="1.0" encoding="UTF-8"?>
<!-- Generated by org.testng.reporters.JUnitReportReporter -->
<testsuite hostname="LAPTOP-3I1HTUO8" failures="0" tests="3" name="jenksel.jenksel" time="12.002" errors="0" timestamp="2025-04-04T15:22:53 IST" skipped="0">
  <testcase classname="jenksel.jenksel" name="google" time="6.934"/>
  <system-out/>
  <testcase classname="jenksel.jenksel" name="testGoogle" time="1.139"/>
  <system-out/>
  <testcase classname="jenksel.jenksel" name="testIndiapost" time="3.929"/>
  <system-out/>
</testsuite> <!-- jenksel.jenksel -->
