<?xml version="1.0" encoding="UTF-8"?>
<!-- Generated by org.testng.reporters.JUnitReportReporter -->
<testsuite hostname="LAPTOP-3I1HTUO8" failures="0" tests="4" name="jenksel.jenksel" time="13.061" errors="0" timestamp="2025-04-07T11:48:07 IST" skipped="0">
  <testcase classname="jenksel.jenksel" name="failingTest" time="3.307"/>
  <system-out/>
  <testcase classname="jenksel.jenksel" name="googleSearchTest" time="6.102"/>
  <system-out/>
  <testcase classname="jenksel.jenksel" name="facebookTitleTest" time="2.145"/>
  <system-out/>
  <testcase classname="jenksel.jenksel" name="wallpaperSiteTest" time="1.507"/>
  <system-out/>
</testsuite> <!-- jenksel.jenksel -->
